Using pre-set license
Built from '2020.3/staging' branch; Version is '2020.3.4f1 (0abb6314276a) revision 703331'; Using compiler version '192528614'; Build Type 'Release'
OS: 'Windows 10 Home; OS build 19043.1288; Version 2009; 64bit' Language: 'en' Physical Memory: 8023 MB
BatchMode: 1, IsHumanControllingUs: 0, StartBugReporterOnCrash: 0, Is64bit: 1, IsPro: 0

 COMMAND LINE ARGUMENTS:
C:\Program Files\Unity\Hub\Editor\2020.3.4f1\Editor\Unity.exe
-adb2
-batchMode
-noUpm
-name
AssetImportWorker0
-projectPath
C:/Users/Helvia/Documents/GitHub/GDP-Proj/GDP Assignment Project
-logFile
Logs/AssetImportWorker0.log
-srvPort
62373
Successfully changed project path to: C:/Users/Helvia/Documents/GitHub/GDP-Proj/GDP Assignment Project
C:/Users/Helvia/Documents/GitHub/GDP-Proj/GDP Assignment Project
Using Asset Import Pipeline V2.
Refreshing native plugins compatible for Editor in 40.22 ms, found 3 plugins.
Preloading 0 native plugins for Editor in 0.00 ms.
Initialize engine version: 2020.3.4f1 (0abb6314276a)
[Subsystems] Discovering subsystems at path C:/Program Files/Unity/Hub/Editor/2020.3.4f1/Editor/Data/Resources/UnitySubsystems
[Subsystems] Discovering subsystems at path C:/Users/Helvia/Documents/GitHub/GDP-Proj/GDP Assignment Project/Assets
GfxDevice: creating device client; threaded=0
Direct3D:
    Version:  Direct3D 11.0 [level 11.1]
    Renderer: NVIDIA GeForce GTX 1650 Ti (ID=0x1f95)
    Vendor:   
    VRAM:     3962 MB
    Driver:   27.21.14.5167
Initialize mono
Mono path[0] = 'C:/Program Files/Unity/Hub/Editor/2020.3.4f1/Editor/Data/Managed'
Mono path[1] = 'C:/Program Files/Unity/Hub/Editor/2020.3.4f1/Editor/Data/MonoBleedingEdge/lib/mono/unityjit'
Mono config path = 'C:/Program Files/Unity/Hub/Editor/2020.3.4f1/Editor/Data/MonoBleedingEdge/etc'
Using monoOptions --debugger-agent=transport=dt_socket,embedding=1,server=y,suspend=n,address=127.0.0.1:56104
Begin MonoManager ReloadAssembly
Registering precompiled unity dll's ...
Register platform support module: C:/Program Files/Unity/Hub/Editor/2020.3.4f1/Editor/Data/PlaybackEngines/WindowsStandaloneSupport/UnityEditor.WindowsStandalone.Extensions.dll
Registered in 0.001830 seconds.
Native extension for WindowsStandalone target not found
Refreshing native plugins compatible for Editor in 37.01 ms, found 3 plugins.
Preloading 0 native plugins for Editor in 0.00 ms.
Mono: successfully reloaded assembly
- Completed reload, in  2.712 seconds
Platform modules already initialized, skipping
Registering precompiled user dll's ...
Registered in 0.005768 seconds.
Begin MonoManager ReloadAssembly
Native extension for WindowsStandalone target not found
Refreshing native plugins compatible for Editor in 35.89 ms, found 3 plugins.
Preloading 0 native plugins for Editor in 0.00 ms.
Mono: successfully reloaded assembly
- Completed reload, in  1.066 seconds
Platform modules already initialized, skipping
========================================================================
Worker process is ready to serve import requests
Launched and connected shader compiler UnityShaderCompiler.exe after 0.04 seconds
Refreshing native plugins compatible for Editor in 0.44 ms, found 3 plugins.
Preloading 0 native plugins for Editor in 0.00 ms.
Unloading 2190 Unused Serialized files (Serialized files now loaded: 0)
System memory in use before: 95.6 MB.
System memory in use after: 95.7 MB.

Unloading 28 unused Assets to reduce memory usage. Loaded Objects now: 2624.
Total: 2.681000 ms (FindLiveObjects: 0.554700 ms CreateObjectMapping: 0.201500 ms MarkObjects: 1.851400 ms  DeleteObjects: 0.072200 ms)

========================================================================
Received Import Request.
  path: Assets/Scenes/BankAction.unity
  artifactKey: Guid(2cda990e2423bbf4892e6590ba056729) Importer(815301076,1909f56bfc062723c751e8b465ee728b)
Start importing Assets/Scenes/BankAction.unity using Guid(2cda990e2423bbf4892e6590ba056729) Importer(815301076,1909f56bfc062723c751e8b465ee728b)  -> (artifact id: '090146ed6a35b57240566ab140b8b210') in 0.018471 seconds
  Import took 0.022804 seconds .

========================================================================
Received Prepare
Registering precompiled user dll's ...
Registered in 0.004427 seconds.
Begin MonoManager ReloadAssembly
Native extension for WindowsStandalone target not found
Refreshing native plugins compatible for Editor in 0.44 ms, found 3 plugins.
Preloading 0 native plugins for Editor in 0.00 ms.
Mono: successfully reloaded assembly
- Completed reload, in  0.895 seconds
Platform modules already initialized, skipping
Refreshing native plugins compatible for Editor in 0.53 ms, found 3 plugins.
Preloading 0 native plugins for Editor in 0.00 ms.
Unloading 2179 Unused Serialized files (Serialized files now loaded: 0)
System memory in use before: 95.0 MB.
System memory in use after: 95.1 MB.

Unloading 17 unused Assets to reduce memory usage. Loaded Objects now: 2626.
Total: 2.592600 ms (FindLiveObjects: 0.271600 ms CreateObjectMapping: 0.125700 ms MarkObjects: 2.177900 ms  DeleteObjects: 0.016000 ms)

========================================================================
Received Prepare
Registering precompiled user dll's ...
Registered in 0.005167 seconds.
Begin MonoManager ReloadAssembly
Native extension for WindowsStandalone target not found
Refreshing native plugins compatible for Editor in 0.48 ms, found 3 plugins.
Preloading 0 native plugins for Editor in 0.00 ms.
Mono: successfully reloaded assembly
- Completed reload, in  1.190 seconds
Platform modules already initialized, skipping
Refreshing native plugins compatible for Editor in 1.05 ms, found 3 plugins.
Preloading 0 native plugins for Editor in 0.00 ms.
Unloading 2180 Unused Serialized files (Serialized files now loaded: 0)
System memory in use before: 95.0 MB.
System memory in use after: 95.1 MB.

Unloading 17 unused Assets to reduce memory usage. Loaded Objects now: 2629.
Total: 4.087800 ms (FindLiveObjects: 0.585400 ms CreateObjectMapping: 0.347100 ms MarkObjects: 3.131600 ms  DeleteObjects: 0.022300 ms)

========================================================================
Received Import Request.
  Time since last request: 129.509306 seconds.
  path: Assets/Scripts/Bed.cs
  artifactKey: Guid(d451abe884ade9540847966cb9636169) Importer(815301076,1909f56bfc062723c751e8b465ee728b)
Start importing Assets/Scripts/Bed.cs using Guid(d451abe884ade9540847966cb9636169) Importer(815301076,1909f56bfc062723c751e8b465ee728b)  -> (artifact id: 'd3297a14161c9970d63a802096686a33') in 0.026839 seconds
  Import took 0.030376 seconds .

========================================================================
Received Import Request.
  Time since last request: 0.003881 seconds.
  path: Assets/Scripts/Bed.cs
  artifactKey: Guid(d451abe884ade9540847966cb9636169) Importer(815301076,1909f56bfc062723c751e8b465ee728b)
Start importing Assets/Scripts/Bed.cs using Guid(d451abe884ade9540847966cb9636169) Importer(815301076,1909f56bfc062723c751e8b465ee728b)  -> (artifact id: 'd3297a14161c9970d63a802096686a33') in 0.002810 seconds
  Import took 0.006449 seconds .

========================================================================
Received Import Request.
  Time since last request: 41.016085 seconds.
  path: Assets/Scenes/Main.unity
  artifactKey: Guid(3aa89a164de5d4c4c8d4e36cb54caca3) Importer(815301076,1909f56bfc062723c751e8b465ee728b)
Start importing Assets/Scenes/Main.unity using Guid(3aa89a164de5d4c4c8d4e36cb54caca3) Importer(815301076,1909f56bfc062723c751e8b465ee728b)  -> (artifact id: '324bb60c7454e9b936cdd3988fdd3650') in 0.034552 seconds
  Import took 0.040527 seconds .

========================================================================
Received Import Request.
  Time since last request: 29.258351 seconds.
  path: Assets/Scenes/Workplace.unity
  artifactKey: Guid(e40c2a51722d73e43a5a86979932e125) Importer(815301076,1909f56bfc062723c751e8b465ee728b)
Start importing Assets/Scenes/Workplace.unity using Guid(e40c2a51722d73e43a5a86979932e125) Importer(815301076,1909f56bfc062723c751e8b465ee728b)  -> (artifact id: 'fec92444fcb93f1dfb4d542130348a84') in 0.017353 seconds
  Import took 0.023662 seconds .

========================================================================
Received Import Request.
  Time since last request: 5.716631 seconds.
  path: Assets/Scenes/Work.unity
  artifactKey: Guid(0c2b82cf3c62d294e9a329d940bdde3f) Importer(815301076,1909f56bfc062723c751e8b465ee728b)
Start importing Assets/Scenes/Work.unity using Guid(0c2b82cf3c62d294e9a329d940bdde3f) Importer(815301076,1909f56bfc062723c751e8b465ee728b)  -> (artifact id: '6ce435fdc7aebc7d5112ebbc3bb46b21') in 0.011914 seconds
  Import took 0.020299 seconds .

========================================================================
Received Import Request.
  Time since last request: 0.000751 seconds.
  path: Assets/Scenes/Work.unity
  artifactKey: Guid(0c2b82cf3c62d294e9a329d940bdde3f) Importer(815301076,1909f56bfc062723c751e8b465ee728b)
Start importing Assets/Scenes/Work.unity using Guid(0c2b82cf3c62d294e9a329d940bdde3f) Importer(815301076,1909f56bfc062723c751e8b465ee728b)  -> (artifact id: '6ce435fdc7aebc7d5112ebbc3bb46b21') in 0.004879 seconds
  Import took 0.011274 seconds .

========================================================================
Received Import Request.
  Time since last request: 56.423765 seconds.
  path: Assets/Scenes/WorkplaceAction.unity
  artifactKey: Guid(0c2b82cf3c62d294e9a329d940bdde3f) Importer(815301076,1909f56bfc062723c751e8b465ee728b)
Start importing Assets/Scenes/WorkplaceAction.unity using Guid(0c2b82cf3c62d294e9a329d940bdde3f) Importer(815301076,1909f56bfc062723c751e8b465ee728b)  -> (artifact id: '0f6a26bd3292ef44d9602433e7e7eb47') in 0.010327 seconds
  Import took 0.016492 seconds .

========================================================================
Received Import Request.
  Time since last request: 106.340150 seconds.
  path: Assets/Scripts/testfunctionality.cs
  artifactKey: Guid(b0d94341ae2718c4784c333087266d24) Importer(815301076,1909f56bfc062723c751e8b465ee728b)
Start importing Assets/Scripts/testfunctionality.cs using Guid(b0d94341ae2718c4784c333087266d24) Importer(815301076,1909f56bfc062723c751e8b465ee728b)  -> (artifact id: '016fa0788aa04b2ae7a5b0ebf0b67318') in 0.011016 seconds
  Import took 0.017411 seconds .

========================================================================
Received Import Request.
  Time since last request: 197.689781 seconds.
  path: Assets/Scenes/BankAction.unity
  artifactKey: Guid(2cda990e2423bbf4892e6590ba056729) Importer(815301076,1909f56bfc062723c751e8b465ee728b)
Start importing Assets/Scenes/BankAction.unity using Guid(2cda990e2423bbf4892e6590ba056729) Importer(815301076,1909f56bfc062723c751e8b465ee728b)  -> (artifact id: 'e1f28a308eeee2d31b99257d48d05dc1') in 0.027069 seconds
  Import took 0.032141 seconds .

========================================================================
Received Import Request.
  Time since last request: 239.432566 seconds.
  path: Assets/Scenes/WorkplaceAction.unity
  artifactKey: Guid(0c2b82cf3c62d294e9a329d940bdde3f) Importer(815301076,1909f56bfc062723c751e8b465ee728b)
Start importing Assets/Scenes/WorkplaceAction.unity using Guid(0c2b82cf3c62d294e9a329d940bdde3f) Importer(815301076,1909f56bfc062723c751e8b465ee728b)  -> (artifact id: '373cc693c1a7ff584a1773e6ac75c1ba') in 0.004896 seconds
  Import took 0.009805 seconds .

========================================================================
Received Import Request.
  Time since last request: 25.278331 seconds.
  path: Assets/Scenes/BankAction.unity
  artifactKey: Guid(2cda990e2423bbf4892e6590ba056729) Importer(815301076,1909f56bfc062723c751e8b465ee728b)
Start importing Assets/Scenes/BankAction.unity using Guid(2cda990e2423bbf4892e6590ba056729) Importer(815301076,1909f56bfc062723c751e8b465ee728b)  -> (artifact id: 'd46ba143c66e3251576024765ba758fa') in 0.003972 seconds
  Import took 0.008827 seconds .

========================================================================
Received Import Request.
  Time since last request: 24.142179 seconds.
  path: Assets/Scenes/WorkplaceAction.unity
  artifactKey: Guid(0c2b82cf3c62d294e9a329d940bdde3f) Importer(815301076,1909f56bfc062723c751e8b465ee728b)
Start importing Assets/Scenes/WorkplaceAction.unity using Guid(0c2b82cf3c62d294e9a329d940bdde3f) Importer(815301076,1909f56bfc062723c751e8b465ee728b)  -> (artifact id: 'c5184db16515001e87f2ed1e545932f5') in 0.005396 seconds
  Import took 0.010910 seconds .

========================================================================
Received Import Request.
  Time since last request: 73.080864 seconds.
  path: Assets/Scenes/WorkplaceAction.unity
  artifactKey: Guid(0c2b82cf3c62d294e9a329d940bdde3f) Importer(815301076,1909f56bfc062723c751e8b465ee728b)
Start importing Assets/Scenes/WorkplaceAction.unity using Guid(0c2b82cf3c62d294e9a329d940bdde3f) Importer(815301076,1909f56bfc062723c751e8b465ee728b)  -> (artifact id: '0595fd67ad5fa5bb577cd1d545edd36f') in 0.005413 seconds
  Import took 0.009857 seconds .

AssetImportWorkerClient::OnTransportError - code=2 error=End of file
