Using pre-set license
Built from '2020.3/staging' branch; Version is '2020.3.5f1 (8095aa901b9b) revision 8426922'; Using compiler version '192528614'; Build Type 'Release'
OS: 'Windows 10 Home; OS build 19042.1348; Version 2009; 64bit' Language: 'en' Physical Memory: 16303 MB
BatchMode: 1, IsHumanControllingUs: 0, StartBugReporterOnCrash: 0, Is64bit: 1, IsPro: 0

 COMMAND LINE ARGUMENTS:
C:\Program Files\Unity\Hub\Editor\2020.3.4f1\Editor\Unity.exe
-adb2
-batchMode
-noUpm
-name
AssetImportWorker0
-projectPath
C:/Users/afiqp/OneDrive/Afiq TP School Files/YEAR 2.2/Game Math And Physics (GMAPS)/Week 3/GMAPS - DYNAMICS - STUDENT/Workplace 2D
-logFile
Logs/AssetImportWorker0.log
-srvPort
63766
Successfully changed project path to: C:/Users/afiqp/OneDrive/Afiq TP School Files/YEAR 2.2/Game Math And Physics (GMAPS)/Week 3/GMAPS - DYNAMICS - STUDENT/Workplace 2D
C:/Users/afiqp/OneDrive/Afiq TP School Files/YEAR 2.2/Game Math And Physics (GMAPS)/Week 3/GMAPS - DYNAMICS - STUDENT/Workplace 2D
Using Asset Import Pipeline V2.
Refreshing native plugins compatible for Editor in 51.39 ms, found 1 plugins.
Preloading 0 native plugins for Editor in 0.00 ms.
Initialize engine version: 2020.3.5f1 (8095aa901b9b)
[Subsystems] Discovering subsystems at path C:/Program Files/Unity/Hub/Editor/2020.3.4f1/Editor/Data/Resources/UnitySubsystems
[Subsystems] Discovering subsystems at path C:/Users/afiqp/OneDrive/Afiq TP School Files/YEAR 2.2/Game Math And Physics (GMAPS)/Week 3/GMAPS - DYNAMICS - STUDENT/Workplace 2D/Assets
GfxDevice: creating device client; threaded=0
Direct3D:
    Version:  Direct3D 11.0 [level 11.1]
    Renderer: NVIDIA GeForce GTX 1660 Ti (ID=0x2191)
    Vendor:   
    VRAM:     5991 MB
    Driver:   27.21.14.5749
Initialize mono
Mono path[0] = 'C:/Program Files/Unity/Hub/Editor/2020.3.4f1/Editor/Data/Managed'
Mono path[1] = 'C:/Program Files/Unity/Hub/Editor/2020.3.4f1/Editor/Data/MonoBleedingEdge/lib/mono/unityjit'
Mono config path = 'C:/Program Files/Unity/Hub/Editor/2020.3.4f1/Editor/Data/MonoBleedingEdge/etc'
Using monoOptions --debugger-agent=transport=dt_socket,embedding=1,server=y,suspend=n,address=127.0.0.1:56284
Begin MonoManager ReloadAssembly
Registering precompiled unity dll's ...
Register platform support module: C:/Program Files/Unity/Hub/Editor/2020.3.4f1/Editor/Data/PlaybackEngines/WindowsStandaloneSupport/UnityEditor.WindowsStandalone.Extensions.dll
Registered in 0.003986 seconds.
Native extension for WindowsStandalone target not found
Refreshing native plugins compatible for Editor in 58.04 ms, found 1 plugins.
Preloading 0 native plugins for Editor in 0.00 ms.
Mono: successfully reloaded assembly
- Completed reload, in  1.753 seconds
Platform modules already initialized, skipping
Registering precompiled user dll's ...
Registered in 0.002095 seconds.
Begin MonoManager ReloadAssembly
Native extension for WindowsStandalone target not found
Refreshing native plugins compatible for Editor in 52.30 ms, found 1 plugins.
Preloading 0 native plugins for Editor in 0.00 ms.
Mono: successfully reloaded assembly
- Completed reload, in  1.378 seconds
Platform modules already initialized, skipping
========================================================================
Worker process is ready to serve import requests
Launched and connected shader compiler UnityShaderCompiler.exe after 0.06 seconds
Refreshing native plugins compatible for Editor in 0.38 ms, found 1 plugins.
Preloading 0 native plugins for Editor in 0.00 ms.
Unloading 1810 Unused Serialized files (Serialized files now loaded: 0)
System memory in use before: 85.7 MB.
System memory in use after: 85.7 MB.

Unloading 24 unused Assets to reduce memory usage. Loaded Objects now: 2253.
Total: 2.536200 ms (FindLiveObjects: 0.216700 ms CreateObjectMapping: 0.134100 ms MarkObjects: 2.029100 ms  DeleteObjects: 0.155000 ms)

========================================================================
Received Import Request.
  path: Assets/Scenes/PromotionScene.unity
  artifactKey: Guid(ec59a6aa72b62d84e93bc616a3c1ed4f) Importer(815301076,1909f56bfc062723c751e8b465ee728b)
Start importing Assets/Scenes/PromotionScene.unity using Guid(ec59a6aa72b62d84e93bc616a3c1ed4f) Importer(815301076,1909f56bfc062723c751e8b465ee728b)  -> (artifact id: '48d2a519cb6f2cbf3df253b6cc7eba3d') in 0.022307 seconds
  Import took 0.028518 seconds .

========================================================================
Received Import Request.
  Time since last request: 70.652261 seconds.
  path: Assets/Scripts/testfunctionality.cs
  artifactKey: Guid(13e867ce8993dd745ba32ed899409eb2) Importer(815301076,1909f56bfc062723c751e8b465ee728b)
Start importing Assets/Scripts/testfunctionality.cs using Guid(13e867ce8993dd745ba32ed899409eb2) Importer(815301076,1909f56bfc062723c751e8b465ee728b)  -> (artifact id: '803292c7c9755bc5a7e14a2513d19464') in 0.052260 seconds
  Import took 0.058705 seconds .

========================================================================
Received Import Request.
  Time since last request: 104.195782 seconds.
  path: Assets/Scenes/PromotionScene.unity
  artifactKey: Guid(ec59a6aa72b62d84e93bc616a3c1ed4f) Importer(815301076,1909f56bfc062723c751e8b465ee728b)
Start importing Assets/Scenes/PromotionScene.unity using Guid(ec59a6aa72b62d84e93bc616a3c1ed4f) Importer(815301076,1909f56bfc062723c751e8b465ee728b)  -> (artifact id: 'ca79804f4f5bc16c4ffc1be9d239dbea') in 0.005568 seconds
  Import took 0.011428 seconds .

========================================================================
Received Prepare
Registering precompiled user dll's ...
Registered in 0.001396 seconds.
Begin MonoManager ReloadAssembly
Native extension for WindowsStandalone target not found
Refreshing native plugins compatible for Editor in 0.32 ms, found 1 plugins.
Preloading 0 native plugins for Editor in 0.00 ms.
Mono: successfully reloaded assembly
- Completed reload, in  0.847 seconds
Platform modules already initialized, skipping
Refreshing native plugins compatible for Editor in 0.30 ms, found 1 plugins.
Preloading 0 native plugins for Editor in 0.00 ms.
Unloading 1805 Unused Serialized files (Serialized files now loaded: 0)
System memory in use before: 85.7 MB.
System memory in use after: 85.7 MB.

Unloading 12 unused Assets to reduce memory usage. Loaded Objects now: 2257.
Total: 2.151300 ms (FindLiveObjects: 0.164000 ms CreateObjectMapping: 0.061200 ms MarkObjects: 1.834200 ms  DeleteObjects: 0.091200 ms)

========================================================================
Received Prepare
Registering precompiled user dll's ...
Registered in 0.001391 seconds.
Begin MonoManager ReloadAssembly
Native extension for WindowsStandalone target not found
Refreshing native plugins compatible for Editor in 0.31 ms, found 1 plugins.
Preloading 0 native plugins for Editor in 0.00 ms.
Mono: successfully reloaded assembly
- Completed reload, in  0.860 seconds
Platform modules already initialized, skipping
Refreshing native plugins compatible for Editor in 0.32 ms, found 1 plugins.
Preloading 0 native plugins for Editor in 0.00 ms.
Unloading 1805 Unused Serialized files (Serialized files now loaded: 0)
System memory in use before: 85.7 MB.
System memory in use after: 85.7 MB.

Unloading 12 unused Assets to reduce memory usage. Loaded Objects now: 2261.
Total: 2.018500 ms (FindLiveObjects: 0.202900 ms CreateObjectMapping: 0.083500 ms MarkObjects: 1.633300 ms  DeleteObjects: 0.097800 ms)

AssetImportWorkerClient::OnTransportError - code=2 error=End of file
