Using pre-set license
Built from '2020.3/staging' branch; Version is '2020.3.5f1 (8095aa901b9b) revision 8426922'; Using compiler version '192528614'; Build Type 'Release'
OS: 'Windows 10 Home; OS build 19042.1348; Version 2009; 64bit' Language: 'en' Physical Memory: 16303 MB
BatchMode: 1, IsHumanControllingUs: 0, StartBugReporterOnCrash: 0, Is64bit: 1, IsPro: 0

 COMMAND LINE ARGUMENTS:
C:\Program Files\Unity\Hub\Editor\2020.3.4f1\Editor\Unity.exe
-adb2
-batchMode
-noUpm
-name
AssetImportWorker0
-projectPath
C:/Users/afiqp/OneDrive/Afiq TP School Files/YEAR 2.2/Game Math And Physics (GMAPS)/Week 3/GMAPS - DYNAMICS - STUDENT/Workplace 2D
-logFile
Logs/AssetImportWorker0.log
-srvPort
59125
Successfully changed project path to: C:/Users/afiqp/OneDrive/Afiq TP School Files/YEAR 2.2/Game Math And Physics (GMAPS)/Week 3/GMAPS - DYNAMICS - STUDENT/Workplace 2D
C:/Users/afiqp/OneDrive/Afiq TP School Files/YEAR 2.2/Game Math And Physics (GMAPS)/Week 3/GMAPS - DYNAMICS - STUDENT/Workplace 2D
Using Asset Import Pipeline V2.
Refreshing native plugins compatible for Editor in 44.09 ms, found 1 plugins.
Preloading 0 native plugins for Editor in 0.00 ms.
Initialize engine version: 2020.3.5f1 (8095aa901b9b)
[Subsystems] Discovering subsystems at path C:/Program Files/Unity/Hub/Editor/2020.3.4f1/Editor/Data/Resources/UnitySubsystems
[Subsystems] Discovering subsystems at path C:/Users/afiqp/OneDrive/Afiq TP School Files/YEAR 2.2/Game Math And Physics (GMAPS)/Week 3/GMAPS - DYNAMICS - STUDENT/Workplace 2D/Assets
GfxDevice: creating device client; threaded=0
Direct3D:
    Version:  Direct3D 11.0 [level 11.1]
    Renderer: NVIDIA GeForce GTX 1660 Ti (ID=0x2191)
    Vendor:   
    VRAM:     5991 MB
    Driver:   27.21.14.5749
Initialize mono
Mono path[0] = 'C:/Program Files/Unity/Hub/Editor/2020.3.4f1/Editor/Data/Managed'
Mono path[1] = 'C:/Program Files/Unity/Hub/Editor/2020.3.4f1/Editor/Data/MonoBleedingEdge/lib/mono/unityjit'
Mono config path = 'C:/Program Files/Unity/Hub/Editor/2020.3.4f1/Editor/Data/MonoBleedingEdge/etc'
Using monoOptions --debugger-agent=transport=dt_socket,embedding=1,server=y,suspend=n,address=127.0.0.1:56060
Begin MonoManager ReloadAssembly
Registering precompiled unity dll's ...
Register platform support module: C:/Program Files/Unity/Hub/Editor/2020.3.4f1/Editor/Data/PlaybackEngines/WindowsStandaloneSupport/UnityEditor.WindowsStandalone.Extensions.dll
Registered in 0.002681 seconds.
Native extension for WindowsStandalone target not found
Refreshing native plugins compatible for Editor in 33.78 ms, found 1 plugins.
Preloading 0 native plugins for Editor in 0.00 ms.
Mono: successfully reloaded assembly
- Completed reload, in  1.172 seconds
Platform modules already initialized, skipping
Registering precompiled user dll's ...
Registered in 0.001427 seconds.
Begin MonoManager ReloadAssembly
Native extension for WindowsStandalone target not found
Refreshing native plugins compatible for Editor in 35.99 ms, found 1 plugins.
Preloading 0 native plugins for Editor in 0.00 ms.
Mono: successfully reloaded assembly
- Completed reload, in  0.910 seconds
Platform modules already initialized, skipping
========================================================================
Worker process is ready to serve import requests
Launched and connected shader compiler UnityShaderCompiler.exe after 0.04 seconds
Refreshing native plugins compatible for Editor in 0.55 ms, found 1 plugins.
Preloading 0 native plugins for Editor in 0.00 ms.
Unloading 1810 Unused Serialized files (Serialized files now loaded: 0)
System memory in use before: 85.7 MB.
System memory in use after: 85.6 MB.

Unloading 24 unused Assets to reduce memory usage. Loaded Objects now: 2252.
Total: 1.925600 ms (FindLiveObjects: 0.177900 ms CreateObjectMapping: 0.083800 ms MarkObjects: 1.554000 ms  DeleteObjects: 0.109000 ms)

========================================================================
Received Import Request.
  path: Assets
  artifactKey: Guid(00000000000000001000000000000000) Importer(815301076,1909f56bfc062723c751e8b465ee728b)
Start importing Assets using Guid(00000000000000001000000000000000) Importer(815301076,1909f56bfc062723c751e8b465ee728b)  -> (artifact id: 'e4856052512617ee48189cf1d7999900') in 0.008641 seconds
  Import took 0.013080 seconds .

========================================================================
Received Import Request.
  Time since last request: 7.802460 seconds.
  path: Assets/Scripts
  artifactKey: Guid(a1b10933ce57f4c42922cb6b63a4fc23) Importer(815301076,1909f56bfc062723c751e8b465ee728b)
Start importing Assets/Scripts using Guid(a1b10933ce57f4c42922cb6b63a4fc23) Importer(815301076,1909f56bfc062723c751e8b465ee728b)  -> (artifact id: '81730b5b8c1a25a972fb80a4a771cc8f') in 0.007962 seconds
  Import took 0.012655 seconds .

========================================================================
Received Import Request.
  Time since last request: 5.944191 seconds.
  path: Assets/Simple Scene Fade Load System
  artifactKey: Guid(ddf336e904d281a428ee2d245e6fd0ed) Importer(815301076,1909f56bfc062723c751e8b465ee728b)
Start importing Assets/Simple Scene Fade Load System using Guid(ddf336e904d281a428ee2d245e6fd0ed) Importer(815301076,1909f56bfc062723c751e8b465ee728b)  -> (artifact id: 'cced9db716dd3a775ac2e53b59b6ffdb') in 0.008200 seconds
  Import took 0.012252 seconds .

========================================================================
Received Import Request.
  Time since last request: 11.999103 seconds.
  path: Assets/Scenes/test.unity
  artifactKey: Guid(65fd6456fedd0dd40b342d15f230626f) Importer(815301076,1909f56bfc062723c751e8b465ee728b)
Start importing Assets/Scenes/test.unity using Guid(65fd6456fedd0dd40b342d15f230626f) Importer(815301076,1909f56bfc062723c751e8b465ee728b)  -> (artifact id: '3dd04e26763d94a79e3aaa3e0df34f8c') in 0.014970 seconds
  Import took 0.019773 seconds .

========================================================================
Received Import Request.
  Time since last request: 63.556627 seconds.
  path: Assets/Scenes/Workplace.unity
  artifactKey: Guid(2cda990e2423bbf4892e6590ba056729) Importer(815301076,1909f56bfc062723c751e8b465ee728b)
Start importing Assets/Scenes/Workplace.unity using Guid(2cda990e2423bbf4892e6590ba056729) Importer(815301076,1909f56bfc062723c751e8b465ee728b)  -> (artifact id: 'ac31c097c035b466db838bdd5c175ac4') in 0.008241 seconds
  Import took 0.012870 seconds .

========================================================================
Received Import Request.
  Time since last request: 648.941007 seconds.
  path: Assets/Scripts/testfunctionality.cs
  artifactKey: Guid(13e867ce8993dd745ba32ed899409eb2) Importer(815301076,1909f56bfc062723c751e8b465ee728b)
Start importing Assets/Scripts/testfunctionality.cs using Guid(13e867ce8993dd745ba32ed899409eb2) Importer(815301076,1909f56bfc062723c751e8b465ee728b)  -> (artifact id: '5a8a337bc18e626ff0ed8d9c9b9214aa') in 0.031240 seconds
  Import took 0.037424 seconds .

========================================================================
Received Prepare
Registering precompiled user dll's ...
Registered in 0.001447 seconds.
Begin MonoManager ReloadAssembly
Native extension for WindowsStandalone target not found
Refreshing native plugins compatible for Editor in 0.57 ms, found 1 plugins.
Preloading 0 native plugins for Editor in 0.00 ms.
Mono: successfully reloaded assembly
- Completed reload, in  0.949 seconds
Platform modules already initialized, skipping
Refreshing native plugins compatible for Editor in 0.71 ms, found 1 plugins.
Preloading 0 native plugins for Editor in 0.00 ms.
Unloading 1806 Unused Serialized files (Serialized files now loaded: 0)
System memory in use before: 85.7 MB.
System memory in use after: 85.6 MB.

Unloading 12 unused Assets to reduce memory usage. Loaded Objects now: 2257.
Total: 2.205900 ms (FindLiveObjects: 0.269700 ms CreateObjectMapping: 0.113300 ms MarkObjects: 1.717000 ms  DeleteObjects: 0.104500 ms)

========================================================================
Received Prepare
Registering precompiled user dll's ...
Registered in 0.001924 seconds.
Begin MonoManager ReloadAssembly
Native extension for WindowsStandalone target not found
Refreshing native plugins compatible for Editor in 0.30 ms, found 1 plugins.
Preloading 0 native plugins for Editor in 0.00 ms.
Mono: successfully reloaded assembly
- Completed reload, in  0.814 seconds
Platform modules already initialized, skipping
Refreshing native plugins compatible for Editor in 0.57 ms, found 1 plugins.
Preloading 0 native plugins for Editor in 0.00 ms.
Unloading 1806 Unused Serialized files (Serialized files now loaded: 0)
System memory in use before: 85.7 MB.
System memory in use after: 85.7 MB.

Unloading 12 unused Assets to reduce memory usage. Loaded Objects now: 2261.
Total: 2.112500 ms (FindLiveObjects: 0.306500 ms CreateObjectMapping: 0.098300 ms MarkObjects: 1.607900 ms  DeleteObjects: 0.099100 ms)

========================================================================
Received Import Request.
  Time since last request: 93.690732 seconds.
  path: Assets/Scripts/testfunctionality.cs
  artifactKey: Guid(13e867ce8993dd745ba32ed899409eb2) Importer(815301076,1909f56bfc062723c751e8b465ee728b)
Start importing Assets/Scripts/testfunctionality.cs using Guid(13e867ce8993dd745ba32ed899409eb2) Importer(815301076,1909f56bfc062723c751e8b465ee728b)  -> (artifact id: 'a5f9627e9fe26ddaaed88f28c45e24c8') in 0.009968 seconds
  Import took 0.015689 seconds .

========================================================================
Received Prepare
Registering precompiled user dll's ...
Registered in 0.001331 seconds.
Begin MonoManager ReloadAssembly
Native extension for WindowsStandalone target not found
Refreshing native plugins compatible for Editor in 0.30 ms, found 1 plugins.
Preloading 0 native plugins for Editor in 0.00 ms.
Mono: successfully reloaded assembly
- Completed reload, in  0.820 seconds
Platform modules already initialized, skipping
Refreshing native plugins compatible for Editor in 0.43 ms, found 1 plugins.
Preloading 0 native plugins for Editor in 0.00 ms.
Unloading 1806 Unused Serialized files (Serialized files now loaded: 0)
System memory in use before: 85.7 MB.
System memory in use after: 85.7 MB.

Unloading 12 unused Assets to reduce memory usage. Loaded Objects now: 2265.
Total: 2.182200 ms (FindLiveObjects: 0.242500 ms CreateObjectMapping: 0.084100 ms MarkObjects: 1.757100 ms  DeleteObjects: 0.097500 ms)

========================================================================
Received Prepare
Registering precompiled user dll's ...
Registered in 0.002030 seconds.
Begin MonoManager ReloadAssembly
Native extension for WindowsStandalone target not found
Refreshing native plugins compatible for Editor in 0.42 ms, found 1 plugins.
Preloading 0 native plugins for Editor in 0.00 ms.
Mono: successfully reloaded assembly
- Completed reload, in  1.232 seconds
Platform modules already initialized, skipping
Refreshing native plugins compatible for Editor in 0.39 ms, found 1 plugins.
Preloading 0 native plugins for Editor in 0.00 ms.
Unloading 1807 Unused Serialized files (Serialized files now loaded: 0)
System memory in use before: 85.7 MB.
System memory in use after: 85.7 MB.

Unloading 12 unused Assets to reduce memory usage. Loaded Objects now: 2270.
Total: 2.799400 ms (FindLiveObjects: 0.334900 ms CreateObjectMapping: 0.095700 ms MarkObjects: 2.228000 ms  DeleteObjects: 0.139400 ms)

========================================================================
Received Prepare
Registering precompiled user dll's ...
Registered in 0.001951 seconds.
Begin MonoManager ReloadAssembly
Native extension for WindowsStandalone target not found
Refreshing native plugins compatible for Editor in 0.43 ms, found 1 plugins.
Preloading 0 native plugins for Editor in 0.00 ms.
Mono: successfully reloaded assembly
- Completed reload, in  1.201 seconds
Platform modules already initialized, skipping
Refreshing native plugins compatible for Editor in 0.43 ms, found 1 plugins.
Preloading 0 native plugins for Editor in 0.00 ms.
Unloading 1807 Unused Serialized files (Serialized files now loaded: 0)
System memory in use before: 85.8 MB.
System memory in use after: 85.7 MB.

Unloading 12 unused Assets to reduce memory usage. Loaded Objects now: 2274.
Total: 2.686500 ms (FindLiveObjects: 0.209000 ms CreateObjectMapping: 0.083000 ms MarkObjects: 2.275500 ms  DeleteObjects: 0.118000 ms)

========================================================================
Received Import Request.
  Time since last request: 2604.095274 seconds.
  path: Assets/Scripts/PlayerData.cs
  artifactKey: Guid(483f4a5724f8ece498394b8d10a109b3) Importer(815301076,1909f56bfc062723c751e8b465ee728b)
Start importing Assets/Scripts/PlayerData.cs using Guid(483f4a5724f8ece498394b8d10a109b3) Importer(815301076,1909f56bfc062723c751e8b465ee728b)  -> (artifact id: '26446f2635f1928faf247483c1726038') in 0.014943 seconds
  Import took 0.020370 seconds .

========================================================================
Received Prepare
Registering precompiled user dll's ...
Registered in 0.002117 seconds.
Begin MonoManager ReloadAssembly
Native extension for WindowsStandalone target not found
Refreshing native plugins compatible for Editor in 0.41 ms, found 1 plugins.
Preloading 0 native plugins for Editor in 0.00 ms.
Mono: successfully reloaded assembly
- Completed reload, in  1.269 seconds
Platform modules already initialized, skipping
Refreshing native plugins compatible for Editor in 0.41 ms, found 1 plugins.
Preloading 0 native plugins for Editor in 0.00 ms.
Unloading 1807 Unused Serialized files (Serialized files now loaded: 0)
System memory in use before: 85.8 MB.
System memory in use after: 85.7 MB.

Unloading 12 unused Assets to reduce memory usage. Loaded Objects now: 2278.
Total: 2.841500 ms (FindLiveObjects: 0.244300 ms CreateObjectMapping: 0.095900 ms MarkObjects: 2.332600 ms  DeleteObjects: 0.166700 ms)

========================================================================
Received Prepare
Registering precompiled user dll's ...
Registered in 0.001702 seconds.
Begin MonoManager ReloadAssembly
Native extension for WindowsStandalone target not found
Refreshing native plugins compatible for Editor in 0.31 ms, found 1 plugins.
Preloading 0 native plugins for Editor in 0.00 ms.
Mono: successfully reloaded assembly
- Completed reload, in  0.774 seconds
Platform modules already initialized, skipping
Refreshing native plugins compatible for Editor in 0.31 ms, found 1 plugins.
Preloading 0 native plugins for Editor in 0.00 ms.
Unloading 1807 Unused Serialized files (Serialized files now loaded: 0)
System memory in use before: 85.8 MB.
System memory in use after: 85.8 MB.

Unloading 12 unused Assets to reduce memory usage. Loaded Objects now: 2282.
Total: 4.114500 ms (FindLiveObjects: 0.331400 ms CreateObjectMapping: 0.134400 ms MarkObjects: 3.400100 ms  DeleteObjects: 0.246700 ms)

========================================================================
Received Import Request.
  Time since last request: 298.508326 seconds.
  path: Assets/Scripts/PlayerData.cs
  artifactKey: Guid(483f4a5724f8ece498394b8d10a109b3) Importer(815301076,1909f56bfc062723c751e8b465ee728b)
Start importing Assets/Scripts/PlayerData.cs using Guid(483f4a5724f8ece498394b8d10a109b3) Importer(815301076,1909f56bfc062723c751e8b465ee728b)  -> (artifact id: 'eb9eac9e9f18f0655cda9c17dec8addd') in 0.008703 seconds
  Import took 0.016019 seconds .

========================================================================
Received Import Request.
  Time since last request: 16.952907 seconds.
  path: Assets/Scenes/test.unity
  artifactKey: Guid(65fd6456fedd0dd40b342d15f230626f) Importer(815301076,1909f56bfc062723c751e8b465ee728b)
Start importing Assets/Scenes/test.unity using Guid(65fd6456fedd0dd40b342d15f230626f) Importer(815301076,1909f56bfc062723c751e8b465ee728b)  -> (artifact id: 'bcc2842e8224e4fd95991c8df674d022') in 0.013366 seconds
  Import took 0.019488 seconds .

========================================================================
Received Prepare
Registering precompiled user dll's ...
Registered in 0.001320 seconds.
Begin MonoManager ReloadAssembly
Native extension for WindowsStandalone target not found
Refreshing native plugins compatible for Editor in 0.31 ms, found 1 plugins.
Preloading 0 native plugins for Editor in 0.00 ms.
Mono: successfully reloaded assembly
- Completed reload, in  0.831 seconds
Platform modules already initialized, skipping
Refreshing native plugins compatible for Editor in 0.31 ms, found 1 plugins.
Preloading 0 native plugins for Editor in 0.00 ms.
Unloading 1807 Unused Serialized files (Serialized files now loaded: 0)
System memory in use before: 85.8 MB.
System memory in use after: 85.8 MB.

Unloading 12 unused Assets to reduce memory usage. Loaded Objects now: 2286.
Total: 1.937400 ms (FindLiveObjects: 0.179700 ms CreateObjectMapping: 0.062400 ms MarkObjects: 1.601100 ms  DeleteObjects: 0.093100 ms)

========================================================================
Received Prepare
Registering precompiled user dll's ...
Registered in 0.002207 seconds.
Begin MonoManager ReloadAssembly
Native extension for WindowsStandalone target not found
Refreshing native plugins compatible for Editor in 0.41 ms, found 1 plugins.
Preloading 0 native plugins for Editor in 0.00 ms.
Mono: successfully reloaded assembly
- Completed reload, in  1.254 seconds
Platform modules already initialized, skipping
Refreshing native plugins compatible for Editor in 0.43 ms, found 1 plugins.
Preloading 0 native plugins for Editor in 0.00 ms.
Unloading 1807 Unused Serialized files (Serialized files now loaded: 0)
System memory in use before: 85.8 MB.
System memory in use after: 85.8 MB.

Unloading 12 unused Assets to reduce memory usage. Loaded Objects now: 2290.
Total: 2.953800 ms (FindLiveObjects: 0.306400 ms CreateObjectMapping: 0.122700 ms MarkObjects: 2.393600 ms  DeleteObjects: 0.129500 ms)

========================================================================
Received Prepare
Registering precompiled user dll's ...
Registered in 0.001383 seconds.
Begin MonoManager ReloadAssembly
Native extension for WindowsStandalone target not found
Refreshing native plugins compatible for Editor in 0.31 ms, found 1 plugins.
Preloading 0 native plugins for Editor in 0.00 ms.
Mono: successfully reloaded assembly
- Completed reload, in  0.818 seconds
Platform modules already initialized, skipping
Refreshing native plugins compatible for Editor in 0.30 ms, found 1 plugins.
Preloading 0 native plugins for Editor in 0.00 ms.
Unloading 1805 Unused Serialized files (Serialized files now loaded: 0)
System memory in use before: 85.8 MB.
System memory in use after: 85.8 MB.

Unloading 14 unused Assets to reduce memory usage. Loaded Objects now: 2292.
Total: 2.155200 ms (FindLiveObjects: 0.193000 ms CreateObjectMapping: 0.062300 ms MarkObjects: 1.804700 ms  DeleteObjects: 0.094100 ms)

========================================================================
Received Prepare
Registering precompiled user dll's ...
Registered in 0.002036 seconds.
Begin MonoManager ReloadAssembly
Native extension for WindowsStandalone target not found
Refreshing native plugins compatible for Editor in 0.32 ms, found 1 plugins.
Preloading 0 native plugins for Editor in 0.00 ms.
Mono: successfully reloaded assembly
- Completed reload, in  0.881 seconds
Platform modules already initialized, skipping
Refreshing native plugins compatible for Editor in 0.37 ms, found 1 plugins.
Preloading 0 native plugins for Editor in 0.00 ms.
Unloading 1805 Unused Serialized files (Serialized files now loaded: 0)
System memory in use before: 85.8 MB.
System memory in use after: 85.8 MB.

Unloading 12 unused Assets to reduce memory usage. Loaded Objects now: 2296.
Total: 1.965800 ms (FindLiveObjects: 0.204200 ms CreateObjectMapping: 0.069800 ms MarkObjects: 1.585200 ms  DeleteObjects: 0.105700 ms)

========================================================================
Received Import Request.
  Time since last request: 3883.544189 seconds.
  path: Assets/Scenes/Workplace.unity
  artifactKey: Guid(2cda990e2423bbf4892e6590ba056729) Importer(815301076,1909f56bfc062723c751e8b465ee728b)
Start importing Assets/Scenes/Workplace.unity using Guid(2cda990e2423bbf4892e6590ba056729) Importer(815301076,1909f56bfc062723c751e8b465ee728b)  -> (artifact id: '76f13e3e949183874f111646fb628c49') in 0.024767 seconds
  Import took 0.031803 seconds .

========================================================================
Received Import Request.
  Time since last request: 0.473727 seconds.
  path: Assets/Scenes/test.unity
  artifactKey: Guid(65fd6456fedd0dd40b342d15f230626f) Importer(815301076,1909f56bfc062723c751e8b465ee728b)
Start importing Assets/Scenes/test.unity using Guid(65fd6456fedd0dd40b342d15f230626f) Importer(815301076,1909f56bfc062723c751e8b465ee728b)  -> (artifact id: '08a79cd9d3b7bd4a1ab6eed56c520885') in 0.012142 seconds
  Import took 0.019682 seconds .

========================================================================
Received Import Request.
  Time since last request: 30.105194 seconds.
  path: Assets/Scenes/TestMainScene.unity
  artifactKey: Guid(65fd6456fedd0dd40b342d15f230626f) Importer(815301076,1909f56bfc062723c751e8b465ee728b)
Start importing Assets/Scenes/TestMainScene.unity using Guid(65fd6456fedd0dd40b342d15f230626f) Importer(815301076,1909f56bfc062723c751e8b465ee728b)  -> (artifact id: '4fd28156c8145be96638871784da735d') in 0.011284 seconds
  Import took 0.018346 seconds .

========================================================================
Received Prepare
Registering precompiled user dll's ...
Registered in 0.002029 seconds.
Begin MonoManager ReloadAssembly
Native extension for WindowsStandalone target not found
Refreshing native plugins compatible for Editor in 0.47 ms, found 1 plugins.
Preloading 0 native plugins for Editor in 0.00 ms.
Mono: successfully reloaded assembly
- Completed reload, in  1.269 seconds
Platform modules already initialized, skipping
Refreshing native plugins compatible for Editor in 0.42 ms, found 1 plugins.
Preloading 0 native plugins for Editor in 0.00 ms.
Unloading 1805 Unused Serialized files (Serialized files now loaded: 0)
System memory in use before: 85.8 MB.
System memory in use after: 85.8 MB.

Unloading 12 unused Assets to reduce memory usage. Loaded Objects now: 2300.
Total: 4.135200 ms (FindLiveObjects: 0.522800 ms CreateObjectMapping: 0.194100 ms MarkObjects: 3.220900 ms  DeleteObjects: 0.194900 ms)

========================================================================
Received Import Request.
  Time since last request: 1657.637505 seconds.
  path: Assets/Scenes/TestMainScene.unity
  artifactKey: Guid(65fd6456fedd0dd40b342d15f230626f) Importer(815301076,1909f56bfc062723c751e8b465ee728b)
Start importing Assets/Scenes/TestMainScene.unity using Guid(65fd6456fedd0dd40b342d15f230626f) Importer(815301076,1909f56bfc062723c751e8b465ee728b)  -> (artifact id: '879e74605ca69c213773d8efd9e6d84b') in 0.017504 seconds
  Import took 0.024799 seconds .

========================================================================
Received Import Request.
  Time since last request: 10.587032 seconds.
  path: Assets/Scenes/Work.unity
  artifactKey: Guid(65fd6456fedd0dd40b342d15f230626f) Importer(815301076,1909f56bfc062723c751e8b465ee728b)
Start importing Assets/Scenes/Work.unity using Guid(65fd6456fedd0dd40b342d15f230626f) Importer(815301076,1909f56bfc062723c751e8b465ee728b)  -> (artifact id: 'a4ba780211acebb7c01189e6ecfa325b') in 0.011539 seconds
  Import took 0.019069 seconds .

========================================================================
Received Import Request.
  Time since last request: 0.003640 seconds.
  path: Assets/Scenes/Work.unity
  artifactKey: Guid(65fd6456fedd0dd40b342d15f230626f) Importer(815301076,1909f56bfc062723c751e8b465ee728b)
Start importing Assets/Scenes/Work.unity using Guid(65fd6456fedd0dd40b342d15f230626f) Importer(815301076,1909f56bfc062723c751e8b465ee728b)  -> (artifact id: 'a4ba780211acebb7c01189e6ecfa325b') in 0.006153 seconds
  Import took 0.011661 seconds .

========================================================================
Received Prepare
Registering precompiled user dll's ...
Registered in 0.001521 seconds.
Begin MonoManager ReloadAssembly
Native extension for WindowsStandalone target not found
Refreshing native plugins compatible for Editor in 0.44 ms, found 1 plugins.
Preloading 0 native plugins for Editor in 0.00 ms.
Mono: successfully reloaded assembly
- Completed reload, in  1.143 seconds
Platform modules already initialized, skipping
Refreshing native plugins compatible for Editor in 0.34 ms, found 1 plugins.
Preloading 0 native plugins for Editor in 0.00 ms.
Unloading 1805 Unused Serialized files (Serialized files now loaded: 0)
System memory in use before: 85.8 MB.
System memory in use after: 85.8 MB.

Unloading 12 unused Assets to reduce memory usage. Loaded Objects now: 2304.
Total: 2.201900 ms (FindLiveObjects: 0.245300 ms CreateObjectMapping: 0.095800 ms MarkObjects: 1.754000 ms  DeleteObjects: 0.105700 ms)

========================================================================
Received Prepare
Registering precompiled user dll's ...
Registered in 0.001356 seconds.
Begin MonoManager ReloadAssembly
Native extension for WindowsStandalone target not found
Refreshing native plugins compatible for Editor in 0.31 ms, found 1 plugins.
Preloading 0 native plugins for Editor in 0.00 ms.
Mono: successfully reloaded assembly
- Completed reload, in  0.809 seconds
Platform modules already initialized, skipping
Refreshing native plugins compatible for Editor in 0.31 ms, found 1 plugins.
Preloading 0 native plugins for Editor in 0.00 ms.
Unloading 1805 Unused Serialized files (Serialized files now loaded: 0)
System memory in use before: 85.8 MB.
System memory in use after: 85.8 MB.

Unloading 12 unused Assets to reduce memory usage. Loaded Objects now: 2308.
Total: 1.905200 ms (FindLiveObjects: 0.170400 ms CreateObjectMapping: 0.062300 ms MarkObjects: 1.555200 ms  DeleteObjects: 0.116400 ms)

========================================================================
Received Prepare
Registering precompiled user dll's ...
Registered in 0.002096 seconds.
Begin MonoManager ReloadAssembly
Native extension for WindowsStandalone target not found
Refreshing native plugins compatible for Editor in 0.41 ms, found 1 plugins.
Preloading 0 native plugins for Editor in 0.00 ms.
Mono: successfully reloaded assembly
- Completed reload, in  1.282 seconds
Platform modules already initialized, skipping
Refreshing native plugins compatible for Editor in 0.42 ms, found 1 plugins.
Preloading 0 native plugins for Editor in 0.00 ms.
Unloading 1805 Unused Serialized files (Serialized files now loaded: 0)
System memory in use before: 85.8 MB.
System memory in use after: 85.8 MB.

Unloading 12 unused Assets to reduce memory usage. Loaded Objects now: 2312.
Total: 2.768100 ms (FindLiveObjects: 0.246600 ms CreateObjectMapping: 0.114100 ms MarkObjects: 2.269400 ms  DeleteObjects: 0.136300 ms)

AssetImportWorkerClient::OnTransportError - code=2 error=End of file
